make.exe all --print-data-base --no-builtin-variables --no-builtin-rules --question
make: *** No rule to make target 'all'.  Stop.

# GNU Make 4.3
# Built for x86_64-pc-cygwin
# Copyright (C) 1988-2020 Free Software Foundation, Inc.
# License GPLv3+: GNU GPL version 3 or later <http://gnu.org/licenses/gpl.html>
# This is free software: you are free to change and redistribute it.
# There is NO WARRANTY, to the extent permitted by law.
 

# Make data base, printed on Thu May 12 20:30:48 2022

# Variables
 

# environment
SYSTEMDRIVE = C:
# environment
LC_ALL = C
# environment
_MSYS2_BASH = C:\tools\msys64\usr\bin\bash.exe
# environment
USERPROFILE = C:\Users\Dennis Zhang
# environment
VBOX_MSI_INSTALL_PATH = D:\迅雷下载\
# environment
LOCALAPPDATA = C:\Users\Dennis Zhang\AppData\Local
# environment
VSCODE_IPC_HOOK_EXTHOST = \\.\pipe\vscode-ipc-ea88cbe7-43a8-42ef-b8ca-d864f853ebb0-sock
# environment
VSCODE_CWD = C:\Users\Dennis Zhang\Desktop
# environment
CHOCOLATEYINSTALL = C:\ProgramData\chocolatey
# environment
SYSTEMROOT = C:\WINDOWS
# environment
PROCESSOR_LEVEL = 6
# environment
PSMODULEPATH = C:\Program Files\WindowsPowerShell\Modules;C:\WINDOWS\system32\WindowsPowerShell\v1.0\Modules
# default
MAKE_COMMAND := make
# environment
GOPATH = C:\Users\Dennis Zhang\go
# automatic
@D = $(patsubst %/,%,$(dir $@))
# environment
CHROME_CRASHPAD_PIPE_NAME = \\.\pipe\crashpad_24444_CXPVHNGUVYIPJJKA
# environment
VSCODE_HANDLES_UNCAUGHT_ERRORS = true
# default
.VARIABLES := 
# automatic
%D = $(patsubst %/,%,$(dir $%))
# automatic
^D = $(patsubst %/,%,$(dir $^))
# environment
VSCODE_LOG_STACK = false
# automatic
%F = $(notdir $%)
# environment
VSCODE_CODE_CACHE_PATH = C:\Users\Dennis Zhang\AppData\Roaming\Code\CachedData\da15b6fd3ef856477bf6f4fb29ba1b7af717770d
# environment
LANG = C
# default
.LOADED := 
# environment
TMP = /cygdrive/c/Users/DENNIS~1/AppData/Local/Temp
# default
.INCLUDE_DIRS = /usr/include /usr/include
# makefile
MAKEFLAGS = pqrR
# environment
INTEL_DEV_REDIST = C:\Program Files (x86)\Common Files\Intel\Shared Libraries\
# environment
ONEDRIVE = C:\Users\Dennis Zhang\OneDrive
# makefile
CURDIR := /cygdrive/c/Users/Dennis Zhang/Desktop/chocopy-wasm-compiler-B
# environment
VSCODE_PIPE_LOGGING = true
# environment
APPLICATION_INSIGHTS_NO_DIAGNOSTIC_CHANNEL = 1
# environment
GOLAND = C:\Program Files\JetBrains\GoLand 2021.3.2\bin;
# automatic
*D = $(patsubst %/,%,$(dir $*))
# environment
PROGRAMFILES = C:\Program Files
# environment
MFLAGS = -pqrR
# default
.SHELLFLAGS := -c
# environment
!C: = c:\Users\Dennis Zhang\Desktop\chocopy-wasm-compiler-B
# environment
COMMONPROGRAMW6432 = C:\Program Files\Common Files
# automatic
+D = $(patsubst %/,%,$(dir $+))
# makefile (from 'Makefile', line 1)
MAKEFILE_LIST := Makefile
# automatic
@F = $(notdir $@)
# environment
VSCODE_VERBOSE_LOGGING = true
# environment
VSCODE_PID = 24444
 
# automatic
?D = $(patsubst %/,%,$(dir $?))
# automatic
*F = $(notdir $*)
# automatic
<D = $(patsubst %/,%,$(dir $<))
# environment
GO = D:\golang\bin
# environment
VSCODE_NLS_CONFIG = {"locale":"zh-cn","availableLanguages":{"*":"zh-cn"},"_languagePackId":"42e84e0914b17800d483f69e299e1b00.zh-cn","_translationsConfigFile":"C:\\Users\\Dennis Zhang\\AppData\\Roaming\\Code\\clp\\42e84e0914b17800d483f69e299e1b00.zh-cn\\tcf.json","_cacheRoot":"C:\\Users\\Dennis Zhang\\AppData\\Roaming\\Code\\clp\\42e84e0914b17800d483f69e299e1b00.zh-cn","_resolvedLanguagePackCoreLocation":"C:\\Users\\Dennis Zhang\\AppData\\Roaming\\Code\\clp\\42e84e0914b17800d483f69e299e1b00.zh-cn\\da15b6fd3ef856477bf6f4fb29ba1b7af717770d","_corruptedFile":"C:\\Users\\Dennis Zhang\\AppData\\Roaming\\Code\\clp\\42e84e0914b17800d483f69e299e1b00.zh-cn\\corrupted.info","_languagePackSupport":true}
# default
MAKE_HOST := x86_64-pc-cygwin
# environment
PROGRAMDATA = C:\ProgramData
# default
SHELL := /bin/sh
# environment
HOMEPATH = \Users\Dennis Zhang
# default
MAKECMDGOALS := all
# environment
MYSQLCONNECTOR_ASSEMBLIESPATH = C:\Program Files (x86)\MySQL\Connector NET 8.0\Assemblies\v4.5.2
# environment
DRIVERDATA = C:\Windows\System32\Drivers\DriverData
# environment
COMSPEC = C:\WINDOWS\system32\cmd.exe
# environment
WINDIR = C:\WINDOWS
# environment
MAKELEVEL := 0
# default
MAKE = $(MAKE_COMMAND)
# environment
PATH = /cygdrive/c/Python310/Scripts:/cygdrive/c/Python310:/cygdrive/c/Program Files (x86)/Common Files/Intel/Shared Libraries/redist/intel64/compiler:/cygdrive/c/Program Files (x86)/Intel/Intel(R) Management Engine Components/iCLS:/cygdrive/c/Program Files/Intel/Intel(R) Management Engine Components/iCLS:/cygdrive/c/Windows/system32:/cygdrive/c/Windows:/cygdrive/c/Windows/System32/Wbem:/cygdrive/c/Windows/System32/WindowsPowerShell/v1.0:/cygdrive/c/Windows/System32/OpenSSH:/cygdrive/c/Program Files (x86)/Intel/Intel(R) Management Engine Components/DAL:/cygdrive/c/Program Files/Intel/Intel(R) Management Engine Components/DAL:/cygdrive/c/Program Files (x86)/Intel/Intel(R) Management Engine Components/IPT:/cygdrive/c/Program Files/Intel/Intel(R) Management Engine Components/IPT:/cygdrive/c/Program Files (x86)/NVIDIA Corporation/PhysX/Common:/cygdrive/c/WINDOWS/system32:/cygdrive/c/WINDOWS:/cygdrive/c/WINDOWS/System32/Wbem:/cygdrive/c/WINDOWS/System32/WindowsPowerShell/v1.0:/cygdrive/c/WINDOWS/System32/OpenSSH:/cygdrive/c/Program Files (x86)/ZeroTier/One:/cygdrive/c/Program Files/NVIDIA Corporation/NVIDIA NvDLISR:/cygdrive/d/Pan/Git/cmd:/cygdrive/c/Program Files/Microsoft SQL Server/130/Tools/Binn:/cygdrive/c/Program Files (x86)/Windows Kits/10/Windows Performance Toolkit:/cygdrive/e/python 3.8/Scripts:/cygdrive/c/WINDOWS/system32:/cygdrive/c/WINDOWS:/cygdrive/c/WINDOWS/System32/Wbem:/cygdrive/c/WINDOWS/System32/WindowsPowerShell/v1.0:/cygdrive/c/WINDOWS/System32/OpenSSH:/cygdrive/c/ProgramData/chocolatey/bin:/cygdrive/g/gcc/bin:/cygdrive/d/golang/bin:/cygdrive/c/Program Files/Git/cmd:/cygdrive/c/Program Files/nodejs:/cygdrive/h/matlab/bin:/cygdrive/c/Program Files/dotnet:/cygdrive/c/Program Files/MySQL/MySQL Shell 8.0/bin:/cygdrive/d/haskell/bin:/cygdrive/c/Users/Dennis Zhang/AppData/Local/Microsoft/WindowsApps:/cygdrive/d/texlive/2019/bin/win32:/cygdrive/c/Users/Dennis Zhang/AppData/Local/GitHubDesktop/bin:/cygdrive/e/python 3.8/Scripts:/cygdrive/c/Users/Dennis Zhang/AppData/Local/Microsoft/WindowsApps:/cygdrive/d/VSCODE/Microsoft VS Code/bin:/cygdrive/c/Users/Dennis Zhang/AppData/Roaming/cabal/bin:/cygdrive/c/tools/ghc-9.2.1/bin:/cygdrive/c/tools/msys64:/cygdrive/g/gcc/bin:/cygdrive/c/Users/Dennis Zhang/go/bin:/usr/bin:/cygdrive/c/Program Files/JetBrains/GoLand 2021.3.2/bin:/cygdrive/d/CSE224/protoc/bin:/cygdrive/c/Users/Dennis Zhang/go/bin:/cygdrive/c/Users/Dennis Zhang/AppData/Roaming/npm:/cygdrive/c/Users/Dennis Zhang/AppData/Local/Programs/MiKTeX/miktex/bin/x64
# environment
COMPUTERNAME = DESKTOP-43O3GPN
# default
MAKEFILES := 
# automatic
^F = $(notdir $^)
# environment
_MSYS2_PREFIX = x86_64
# environment
PROMPT = $P$G
# environment
CHOCOLATEYLASTPATHUPDATE = 132831176641624926
# environment
LOGONSERVER = \\DESKTOP-43O3GPN
# environment
VSCODE_LOG_NATIVE = false
# environment
USERNAME = Dennis Zhang
# environment
COMMONPROGRAMFILES = C:\Program Files\Common Files
# automatic
?F = $(notdir $?)
# environment
PROGRAMW6432 = C:\Program Files
# environment
FFMPEG = D:\ffmpeg\ffmpeg-20200831-4a11a6f-win64-static\bin\ffmpeg.exe
# environment
PATHEXT = .COM;.EXE;.BAT;.CMD;.VBS;.VBE;.JS;.JSE;.WSF;.WSH;.MSC;.PY;.PYW
# automatic
+F = $(notdir $+)
# environment
ORIGINAL_XDG_CURRENT_DESKTOP = undefined
# environment
USERDOMAIN = DESKTOP-43O3GPN
# 'override' directive
 
GNUMAKEFLAGS := 
# environment
VS140COMNTOOLS = D:\VS2015\Common7\Tools\
# environment
OS = Windows_NT
# makefile
.DEFAULT_GOAL := stdlib
# default
MAKE_VERSION := 4.3
# environment
PROGRAMFILES(X86) = C:\Program Files (x86)
# environment
USERDOMAIN_ROAMINGPROFILE = DESKTOP-43O3GPN
# environment
NUMBER_OF_PROCESSORS = 12
# environment
PUBLIC = C:\Users\Public
# environment
APPDATA = C:\Users\Dennis Zhang\AppData\Roaming
# environment
HOMEDRIVE = C:
# environment
PROCESSOR_ARCHITECTURE = AMD64
# environment
STACK_ROOT = C:\sr
# environment
VSCODE_AMD_ENTRYPOINT = vs/workbench/api/node/extensionHostProcess
# environment
HOME = /home/Dennis Zhang
# environment
COMMONPROGRAMFILES(X86) = C:\Program Files (x86)\Common Files
# environment
ELECTRON_RUN_AS_NODE = 1
# environment
TEMP = /cygdrive/c/Users/DENNIS~1/AppData/Local/Temp
# environment
VSCODE_IPC_HOOK = \\.\pipe\699aa8d3c14b9b6b2aa389bb18fc2056-1.67.1-main-sock
# environment
TERM = xterm-256color
# default
.RECIPEPREFIX := 
# automatic
<F = $(notdir $<)
# default
SUFFIXES := 
# environment
ALLUSERSPROFILE = C:\ProgramData
# environment
SESSIONNAME = Console
# default
.FEATURES := target-specific order-only second-expansion else-if shortest-stem undefine oneshell nocomment grouped-target extra-prereqs archives jobserver output-sync check-symlink guile load
# environment
MIC_LD_LIBRARY_PATH = C:\Program Files (x86)\Common Files\Intel\Shared Libraries\compiler\lib\mic
# environment
PROCESSOR_REVISION = 9e0a
# environment
CHOCOLATEYTOOLSLOCATION = C:\tools
# environment
PROCESSOR_IDENTIFIER = Intel64 Family 6 Model 158 Stepping 10, GenuineIntel
# variable set hash-table stats:
# Load=109/1024=11%, Rehash=0, Collisions=13/136=10%

# Pattern-specific Variable Values

# No pattern-specific variable values.

# Directories

# . (device 417357364, inode 25614222880914402): 39 files, no impossibilities.
# stdlib (device 417357364, inode 28428972648197466): No files, no impossibilities so far.

# 39 files, no impossibilities in 2 directories.

# Implicit Rules
 

build/%.wasm: stdlib/%.wat
#  recipe to execute (from 'Makefile', line 5):
	mkdir -p build/
	npx wat2wasm $< -o $@

# 1 implicit rules, 0 (0.0%) terminal.
# Files

# Not a target:
build/memory.wasm:
#  Implicit rule search has not been done.
#  Modification time never checked.
#  File has not been updated.

stdlib: build/memory.wasm
#  Implicit rule search has not been done.
#  Modification time never checked.
#  File has not been updated.

# Not a target:
Makefile:
#  Implicit rule search has been done.
#  Last modified 2022-05-12 15:16:28.5091127
#  File has been updated.
#  Successfully updated.

# Not a target:
.DEFAULT:
#  Implicit rule search has not been done.
#  Modification time never checked.
#  File has not been updated.

# Not a target:
all:
#  Command line target.
#  Implicit rule search has been done.
#  File does not exist.
#  File has not been updated.

# files hash-table stats:
# Load=6/1024=1%, Rehash=0, Collisions=0/17=0%
# VPATH Search Paths

# No 'vpath' search paths.

# No general ('VPATH' variable) search path.

# strcache buffers: 1 (0) / strings = 46 / storage = 476 B / avg = 10 B
# current buf: size = 8162 B / used = 476 B / count = 46 / avg = 10 B

# strcache performance: lookups = 53 / hit rate = 13%
# hash-table stats:
# Load=46/8192=1%, Rehash=0, Collisions=0/53=0%
# Finished Make data base on Thu May 12 20:30:48 2022
 

 
